build/app/intermediates/manifest_merge_blame_file/debug/manifest-merger-blame-debug-report.txt
1<?xml version="1.0" encoding="utf-8"?>
2<manifest xmlns:android="http://schemas.android.com/apk/res/android"
3    package="com.example.quiz_app"
4    android:versionCode="1"
5    android:versionName="1.0.0" >
6
7    <uses-sdk
8        android:minSdkVersion="21"
9        android:targetSdkVersion="31" />
10    <!--
11         The INTERNET permission is required for development. Specifically,
12         the Flutter tool needs it to communicate with the running application
13         to allow setting breakpoints, to provide hot reload, etc.
14    -->
15    <uses-permission android:name="android.permission.INTERNET" />
15-->src\main\AndroidManifest.xml:6:5-67
15-->src\main\AndroidManifest.xml:6:22-64
16
17    <queries>
17-->src\main\AndroidManifest.xml:3:5-5:15
18        <provider android:authorities="com.facebook.katana.provider.PlatformProvider" />
18-->src\main\AndroidManifest.xml:4:9-89
18-->src\main\AndroidManifest.xml:4:19-86
19
20        <intent>
20-->[:flutter_inappwebview] AndroidManifest.xml:10:9-12:18
21            <action android:name="android.support.customtabs.action.CustomTabsService" />
21-->[:flutter_inappwebview] AndroidManifest.xml:11:13-90
21-->[:flutter_inappwebview] AndroidManifest.xml:11:21-87
22        </intent>
23
24        <package android:name="com.facebook.katana" />
24-->[com.facebook.android:facebook-common:14.1.1] AndroidManifest.xml:30:9-55
24-->[com.facebook.android:facebook-common:14.1.1] AndroidManifest.xml:30:18-52
25    </queries>
26
27    <uses-permission android:name="android.permission.ACCESS_NETWORK_STATE" />
27-->src\main\AndroidManifest.xml:7:5-79
27-->src\main\AndroidManifest.xml:7:22-76
28    <uses-permission android:name="android.permission.WAKE_LOCK" />
28-->[com.google.android.gms:play-services-measurement-api:21.1.1] AndroidManifest.xml:24:5-68
28-->[com.google.android.gms:play-services-measurement-api:21.1.1] AndroidManifest.xml:24:22-65
29    <uses-permission android:name="com.google.android.gms.permission.AD_ID" />
29-->[com.google.android.gms:play-services-measurement-api:21.1.1] AndroidManifest.xml:25:5-79
29-->[com.google.android.gms:play-services-measurement-api:21.1.1] AndroidManifest.xml:25:22-76
30    <uses-permission android:name="com.google.android.finsky.permission.BIND_GET_INSTALL_REFERRER_SERVICE" />
30-->[com.google.android.gms:play-services-measurement:21.1.1] AndroidManifest.xml:26:5-110
30-->[com.google.android.gms:play-services-measurement:21.1.1] AndroidManifest.xml:26:22-107
31
32    <application
33        android:name="android.app.Application"
34        android:appComponentFactory="androidx.core.app.CoreComponentFactory"
34-->[androidx.core:core:1.8.0] AndroidManifest.xml:24:18-86
35        android:debuggable="true"
36        android:icon="@mipmap/ic_launcher"
37        android:label="quiz_app"
38        android:supportsRtl="true" >
38-->[com.facebook.android:facebook-android-sdk:5.15.3] AndroidManifest.xml:28:18-44
39        <meta-data
40            android:name="com.facebook.sdk.ApplicationId"
41            android:value="@string/facebook_app_id" />
42        <meta-data
43            android:name="com.facebook.sdk.ClientToken"
44            android:value="@string/facebook_client_token" />
45
46        <activity
47            android:name="com.facebook.FacebookActivity"
48            android:configChanges="keyboard|keyboardHidden|screenLayout|screenSize|orientation"
49            android:label="@string/app_name"
50            android:theme="@style/com_facebook_activity_theme" />
50-->[com.facebook.android:facebook-common:14.1.1] AndroidManifest.xml:37:13-63
51        <activity
52            android:name="com.facebook.CustomTabActivity"
53            android:exported="true" >
54            <intent-filter>
55                <action android:name="android.intent.action.VIEW" />
55-->[com.facebook.android:facebook-common:14.1.1] AndroidManifest.xml:44:17-69
55-->[com.facebook.android:facebook-common:14.1.1] AndroidManifest.xml:44:25-66
56
57                <category android:name="android.intent.category.DEFAULT" />
57-->[com.facebook.android:facebook-common:14.1.1] AndroidManifest.xml:46:17-76
57-->[com.facebook.android:facebook-common:14.1.1] AndroidManifest.xml:46:27-73
58                <category android:name="android.intent.category.BROWSABLE" />
58-->[com.facebook.android:facebook-common:14.1.1] AndroidManifest.xml:47:17-78
58-->[com.facebook.android:facebook-common:14.1.1] AndroidManifest.xml:47:27-75
59
60                <data android:scheme="@string/fb_login_protocol_scheme" />
60-->[com.facebook.android:facebook-common:14.1.1] AndroidManifest.xml:49:17-51:50
60-->[com.facebook.android:facebook-common:14.1.1] AndroidManifest.xml:51:21-47
61            </intent-filter>
62            <intent-filter>
62-->[com.facebook.android:facebook-common:14.1.1] AndroidManifest.xml:43:13-52:29
63                <action android:name="android.intent.action.VIEW" />
63-->[com.facebook.android:facebook-common:14.1.1] AndroidManifest.xml:44:17-69
63-->[com.facebook.android:facebook-common:14.1.1] AndroidManifest.xml:44:25-66
64
65                <category android:name="android.intent.category.DEFAULT" />
65-->[com.facebook.android:facebook-common:14.1.1] AndroidManifest.xml:46:17-76
65-->[com.facebook.android:facebook-common:14.1.1] AndroidManifest.xml:46:27-73
66                <category android:name="android.intent.category.BROWSABLE" />
66-->[com.facebook.android:facebook-common:14.1.1] AndroidManifest.xml:47:17-78
66-->[com.facebook.android:facebook-common:14.1.1] AndroidManifest.xml:47:27-75
67
68                <data
68-->[com.facebook.android:facebook-common:14.1.1] AndroidManifest.xml:49:17-51:50
69                    android:host="cct.com.example.quiz_app"
69-->[com.facebook.android:facebook-common:14.1.1] AndroidManifest.xml:50:21-56
70                    android:scheme="fbconnect" />
70-->[com.facebook.android:facebook-common:14.1.1] AndroidManifest.xml:51:21-47
71            </intent-filter>
72        </activity>
73        <activity
74            android:name="com.example.quiz_app.MainActivity"
75            android:configChanges="orientation|keyboardHidden|keyboard|screenSize|smallestScreenSize|locale|layoutDirection|fontScale|screenLayout|density|uiMode"
76            android:exported="true"
77            android:hardwareAccelerated="true"
78            android:launchMode="singleTop"
79            android:theme="@style/LaunchTheme"
80            android:windowSoftInputMode="adjustResize" >
81
82            <!--
83                 Specifies an Android theme to apply to this Activity as soon as
84                 the Android process has started. This theme is visible to the user
85                 while the Flutter UI initializes. After that, this theme continues
86                 to determine the Window background behind the Flutter UI.
87            -->
88            <meta-data
89                android:name="io.flutter.embedding.android.NormalTheme"
90                android:resource="@style/NormalTheme" />
91
92            <intent-filter>
93                <action android:name="android.intent.action.MAIN" />
94
95                <category android:name="android.intent.category.LAUNCHER" />
96            </intent-filter>
97        </activity>
98
99        <!--
100             Don't delete the meta-data below.
101            This is used by the Flutter tool to generate GeneratedPluginRegistrant.java
102        -->
103
104        <meta-data
105            android:name="flutterEmbedding"
106            android:value="2" />
107
108        <service
108-->[:cloud_firestore] AndroidManifest.xml:10:9-14:19
109            android:name="com.google.firebase.components.ComponentDiscoveryService"
109-->[:cloud_firestore] AndroidManifest.xml:10:18-89
110            android:directBootAware="true"
110-->[com.google.firebase:firebase-common:20.1.2] AndroidManifest.xml:35:13-43
111            android:exported="false" >
111-->[com.google.firebase:firebase-auth:21.0.8] AndroidManifest.xml:66:13-37
112            <meta-data
112-->[:cloud_firestore] AndroidManifest.xml:11:13-13:85
113                android:name="com.google.firebase.components:io.flutter.plugins.firebase.firestore.FlutterFirebaseFirestoreRegistrar"
113-->[:cloud_firestore] AndroidManifest.xml:12:17-134
114                android:value="com.google.firebase.components.ComponentRegistrar" />
114-->[:cloud_firestore] AndroidManifest.xml:13:17-82
115            <meta-data
115-->[:firebase_auth] AndroidManifest.xml:11:13-13:85
116                android:name="com.google.firebase.components:io.flutter.plugins.firebase.auth.FlutterFirebaseAuthRegistrar"
116-->[:firebase_auth] AndroidManifest.xml:12:17-124
117                android:value="com.google.firebase.components.ComponentRegistrar" />
117-->[:firebase_auth] AndroidManifest.xml:13:17-82
118            <meta-data
118-->[:firebase_core] AndroidManifest.xml:11:13-13:85
119                android:name="com.google.firebase.components:io.flutter.plugins.firebase.core.FlutterFirebaseCoreRegistrar"
119-->[:firebase_core] AndroidManifest.xml:12:17-124
120                android:value="com.google.firebase.components.ComponentRegistrar" />
120-->[:firebase_core] AndroidManifest.xml:13:17-82
121            <meta-data
121-->[com.google.firebase:firebase-auth:21.0.8] AndroidManifest.xml:67:13-69:85
122                android:name="com.google.firebase.components:com.google.firebase.auth.FirebaseAuthRegistrar"
122-->[com.google.firebase:firebase-auth:21.0.8] AndroidManifest.xml:68:17-109
123                android:value="com.google.firebase.components.ComponentRegistrar" />
123-->[com.google.firebase:firebase-auth:21.0.8] AndroidManifest.xml:69:17-82
124            <meta-data
124-->[com.google.firebase:firebase-firestore:24.3.1] AndroidManifest.xml:20:13-22:85
125                android:name="com.google.firebase.components:com.google.firebase.firestore.FirestoreRegistrar"
125-->[com.google.firebase:firebase-firestore:24.3.1] AndroidManifest.xml:21:17-111
126                android:value="com.google.firebase.components.ComponentRegistrar" />
126-->[com.google.firebase:firebase-firestore:24.3.1] AndroidManifest.xml:22:17-82
127            <meta-data
127-->[com.google.android.gms:play-services-measurement-api:21.1.1] AndroidManifest.xml:31:13-33:85
128                android:name="com.google.firebase.components:com.google.firebase.analytics.connector.internal.AnalyticsConnectorRegistrar"
128-->[com.google.android.gms:play-services-measurement-api:21.1.1] AndroidManifest.xml:32:17-139
129                android:value="com.google.firebase.components.ComponentRegistrar" />
129-->[com.google.android.gms:play-services-measurement-api:21.1.1] AndroidManifest.xml:33:17-82
130            <meta-data
130-->[com.google.firebase:firebase-installations:17.0.3] AndroidManifest.xml:18:13-20:85
131                android:name="com.google.firebase.components:com.google.firebase.installations.FirebaseInstallationsRegistrar"
131-->[com.google.firebase:firebase-installations:17.0.3] AndroidManifest.xml:19:17-127
132                android:value="com.google.firebase.components.ComponentRegistrar" />
132-->[com.google.firebase:firebase-installations:17.0.3] AndroidManifest.xml:20:17-82
133        </service>
134
135        <activity
135-->[:url_launcher_android] AndroidManifest.xml:10:9-13:74
136            android:name="io.flutter.plugins.urllauncher.WebViewActivity"
136-->[:url_launcher_android] AndroidManifest.xml:11:13-74
137            android:exported="false"
137-->[:url_launcher_android] AndroidManifest.xml:12:13-37
138            android:theme="@android:style/Theme.NoTitleBar.Fullscreen" />
138-->[:url_launcher_android] AndroidManifest.xml:13:13-71
139        <activity
139-->[:flutter_inappwebview] AndroidManifest.xml:16:9-20:47
140            android:name="com.pichillilorenzo.flutter_inappwebview.in_app_browser.InAppBrowserActivity"
140-->[:flutter_inappwebview] AndroidManifest.xml:17:13-104
141            android:configChanges="orientation|keyboardHidden|keyboard|screenSize|locale|layoutDirection|fontScale|screenLayout|density"
141-->[:flutter_inappwebview] AndroidManifest.xml:18:13-137
142            android:exported="false"
142-->[:flutter_inappwebview] AndroidManifest.xml:19:13-37
143            android:theme="@style/AppTheme" />
143-->[:flutter_inappwebview] AndroidManifest.xml:20:13-44
144        <activity
144-->[:flutter_inappwebview] AndroidManifest.xml:21:9-24:55
145            android:name="com.pichillilorenzo.flutter_inappwebview.chrome_custom_tabs.ChromeCustomTabsActivity"
145-->[:flutter_inappwebview] AndroidManifest.xml:22:13-112
146            android:exported="false"
146-->[:flutter_inappwebview] AndroidManifest.xml:23:13-37
147            android:theme="@style/ThemeTransparent" />
147-->[:flutter_inappwebview] AndroidManifest.xml:24:13-52
148        <activity
148-->[:flutter_inappwebview] AndroidManifest.xml:25:9-28:55
149            android:name="com.pichillilorenzo.flutter_inappwebview.chrome_custom_tabs.TrustedWebActivity"
149-->[:flutter_inappwebview] AndroidManifest.xml:26:13-106
150            android:exported="false"
150-->[:flutter_inappwebview] AndroidManifest.xml:27:13-37
151            android:theme="@style/ThemeTransparent" />
151-->[:flutter_inappwebview] AndroidManifest.xml:28:13-52
152        <activity
152-->[:flutter_inappwebview] AndroidManifest.xml:29:9-33:55
153            android:name="com.pichillilorenzo.flutter_inappwebview.chrome_custom_tabs.ChromeCustomTabsActivitySingleInstance"
153-->[:flutter_inappwebview] AndroidManifest.xml:30:13-126
154            android:exported="false"
154-->[:flutter_inappwebview] AndroidManifest.xml:31:13-37
155            android:launchMode="singleInstance"
155-->[:flutter_inappwebview] AndroidManifest.xml:32:13-48
156            android:theme="@style/ThemeTransparent" />
156-->[:flutter_inappwebview] AndroidManifest.xml:33:13-52
157        <activity
157-->[:flutter_inappwebview] AndroidManifest.xml:34:9-38:55
158            android:name="com.pichillilorenzo.flutter_inappwebview.chrome_custom_tabs.TrustedWebActivitySingleInstance"
158-->[:flutter_inappwebview] AndroidManifest.xml:35:13-120
159            android:exported="false"
159-->[:flutter_inappwebview] AndroidManifest.xml:36:13-37
160            android:launchMode="singleInstance"
160-->[:flutter_inappwebview] AndroidManifest.xml:37:13-48
161            android:theme="@style/ThemeTransparent" />
161-->[:flutter_inappwebview] AndroidManifest.xml:38:13-52
162
163        <receiver
163-->[:flutter_inappwebview] AndroidManifest.xml:40:9-43:40
164            android:name="com.pichillilorenzo.flutter_inappwebview.chrome_custom_tabs.ActionBroadcastReceiver"
164-->[:flutter_inappwebview] AndroidManifest.xml:41:13-111
165            android:enabled="true"
165-->[:flutter_inappwebview] AndroidManifest.xml:42:13-35
166            android:exported="false" />
166-->[:flutter_inappwebview] AndroidManifest.xml:43:13-37
167
168        <meta-data
168-->[:flutter_inappwebview] AndroidManifest.xml:45:9-47:36
169            android:name="io.flutter.embedded_views_preview"
169-->[:flutter_inappwebview] AndroidManifest.xml:46:13-61
170            android:value="true" />
170-->[:flutter_inappwebview] AndroidManifest.xml:47:13-33
171
172        <uses-library
172-->[androidx.window:window:1.0.0-beta04] AndroidManifest.xml:25:9-27:40
173            android:name="androidx.window.extensions"
173-->[androidx.window:window:1.0.0-beta04] AndroidManifest.xml:26:13-54
174            android:required="false" />
174-->[androidx.window:window:1.0.0-beta04] AndroidManifest.xml:27:13-37
175        <uses-library
175-->[androidx.window:window:1.0.0-beta04] AndroidManifest.xml:28:9-30:40
176            android:name="androidx.window.sidecar"
176-->[androidx.window:window:1.0.0-beta04] AndroidManifest.xml:29:13-51
177            android:required="false" />
177-->[androidx.window:window:1.0.0-beta04] AndroidManifest.xml:30:13-37
178
179        <activity
179-->[com.google.android.gms:play-services-auth:20.0.1] AndroidManifest.xml:23:9-27:75
180            android:name="com.google.android.gms.auth.api.signin.internal.SignInHubActivity"
180-->[com.google.android.gms:play-services-auth:20.0.1] AndroidManifest.xml:24:13-93
181            android:excludeFromRecents="true"
181-->[com.google.android.gms:play-services-auth:20.0.1] AndroidManifest.xml:25:13-46
182            android:exported="false"
182-->[com.google.android.gms:play-services-auth:20.0.1] AndroidManifest.xml:26:13-37
183            android:theme="@android:style/Theme.Translucent.NoTitleBar" />
183-->[com.google.android.gms:play-services-auth:20.0.1] AndroidManifest.xml:27:13-72
184        <!--
185            Service handling Google Sign-In user revocation. For apps that do not integrate with
186            Google Sign-In, this service will never be started.
187        -->
188        <service
188-->[com.google.android.gms:play-services-auth:20.0.1] AndroidManifest.xml:33:9-37:51
189            android:name="com.google.android.gms.auth.api.signin.RevocationBoundService"
189-->[com.google.android.gms:play-services-auth:20.0.1] AndroidManifest.xml:34:13-89
190            android:exported="true"
190-->[com.google.android.gms:play-services-auth:20.0.1] AndroidManifest.xml:35:13-36
191            android:permission="com.google.android.gms.auth.api.signin.permission.REVOCATION_NOTIFICATION"
191-->[com.google.android.gms:play-services-auth:20.0.1] AndroidManifest.xml:36:13-107
192            android:visibleToInstantApps="true" />
192-->[com.google.android.gms:play-services-auth:20.0.1] AndroidManifest.xml:37:13-48
193
194        <activity android:name="com.facebook.CustomTabMainActivity" />
194-->[com.facebook.android:facebook-common:14.1.1] AndroidManifest.xml:38:9-71
194-->[com.facebook.android:facebook-common:14.1.1] AndroidManifest.xml:38:19-68
195        <activity
195-->[com.google.firebase:firebase-auth:21.0.8] AndroidManifest.xml:27:9-44:20
196            android:name="com.google.firebase.auth.internal.GenericIdpActivity"
196-->[com.google.firebase:firebase-auth:21.0.8] AndroidManifest.xml:28:13-80
197            android:excludeFromRecents="true"
197-->[com.google.firebase:firebase-auth:21.0.8] AndroidManifest.xml:29:13-46
198            android:exported="true"
198-->[com.google.firebase:firebase-auth:21.0.8] AndroidManifest.xml:30:13-36
199            android:launchMode="singleTask"
199-->[com.google.firebase:firebase-auth:21.0.8] AndroidManifest.xml:31:13-44
200            android:theme="@android:style/Theme.Translucent.NoTitleBar" >
200-->[com.google.firebase:firebase-auth:21.0.8] AndroidManifest.xml:32:13-72
201            <intent-filter>
201-->[com.google.firebase:firebase-auth:21.0.8] AndroidManifest.xml:33:13-43:29
202                <action android:name="android.intent.action.VIEW" />
202-->[com.facebook.android:facebook-common:14.1.1] AndroidManifest.xml:44:17-69
202-->[com.facebook.android:facebook-common:14.1.1] AndroidManifest.xml:44:25-66
203
204                <category android:name="android.intent.category.DEFAULT" />
204-->[com.facebook.android:facebook-common:14.1.1] AndroidManifest.xml:46:17-76
204-->[com.facebook.android:facebook-common:14.1.1] AndroidManifest.xml:46:27-73
205                <category android:name="android.intent.category.BROWSABLE" />
205-->[com.facebook.android:facebook-common:14.1.1] AndroidManifest.xml:47:17-78
205-->[com.facebook.android:facebook-common:14.1.1] AndroidManifest.xml:47:27-75
206
207                <data
207-->[com.facebook.android:facebook-common:14.1.1] AndroidManifest.xml:49:17-51:50
208                    android:host="firebase.auth"
208-->[com.facebook.android:facebook-common:14.1.1] AndroidManifest.xml:50:21-56
209                    android:path="/"
210                    android:scheme="genericidp" />
210-->[com.facebook.android:facebook-common:14.1.1] AndroidManifest.xml:51:21-47
211            </intent-filter>
212        </activity>
213        <activity
213-->[com.google.firebase:firebase-auth:21.0.8] AndroidManifest.xml:45:9-62:20
214            android:name="com.google.firebase.auth.internal.RecaptchaActivity"
214-->[com.google.firebase:firebase-auth:21.0.8] AndroidManifest.xml:46:13-79
215            android:excludeFromRecents="true"
215-->[com.google.firebase:firebase-auth:21.0.8] AndroidManifest.xml:47:13-46
216            android:exported="true"
216-->[com.google.firebase:firebase-auth:21.0.8] AndroidManifest.xml:48:13-36
217            android:launchMode="singleTask"
217-->[com.google.firebase:firebase-auth:21.0.8] AndroidManifest.xml:49:13-44
218            android:theme="@android:style/Theme.Translucent.NoTitleBar" >
218-->[com.google.firebase:firebase-auth:21.0.8] AndroidManifest.xml:50:13-72
219            <intent-filter>
219-->[com.google.firebase:firebase-auth:21.0.8] AndroidManifest.xml:51:13-61:29
220                <action android:name="android.intent.action.VIEW" />
220-->[com.facebook.android:facebook-common:14.1.1] AndroidManifest.xml:44:17-69
220-->[com.facebook.android:facebook-common:14.1.1] AndroidManifest.xml:44:25-66
221
222                <category android:name="android.intent.category.DEFAULT" />
222-->[com.facebook.android:facebook-common:14.1.1] AndroidManifest.xml:46:17-76
222-->[com.facebook.android:facebook-common:14.1.1] AndroidManifest.xml:46:27-73
223                <category android:name="android.intent.category.BROWSABLE" />
223-->[com.facebook.android:facebook-common:14.1.1] AndroidManifest.xml:47:17-78
223-->[com.facebook.android:facebook-common:14.1.1] AndroidManifest.xml:47:27-75
224
225                <data
225-->[com.facebook.android:facebook-common:14.1.1] AndroidManifest.xml:49:17-51:50
226                    android:host="firebase.auth"
226-->[com.facebook.android:facebook-common:14.1.1] AndroidManifest.xml:50:21-56
227                    android:path="/"
228                    android:scheme="recaptcha" />
228-->[com.facebook.android:facebook-common:14.1.1] AndroidManifest.xml:51:21-47
229            </intent-filter>
230        </activity>
231
232        <provider
232-->[com.google.firebase:firebase-common:20.1.2] AndroidManifest.xml:26:9-31:39
233            android:name="com.google.firebase.provider.FirebaseInitProvider"
233-->[com.google.firebase:firebase-common:20.1.2] AndroidManifest.xml:27:13-77
234            android:authorities="com.example.quiz_app.firebaseinitprovider"
234-->[com.google.firebase:firebase-common:20.1.2] AndroidManifest.xml:28:13-72
235            android:directBootAware="true"
235-->[com.google.firebase:firebase-common:20.1.2] AndroidManifest.xml:29:13-43
236            android:exported="false"
236-->[com.google.firebase:firebase-common:20.1.2] AndroidManifest.xml:30:13-37
237            android:initOrder="100" />
237-->[com.google.firebase:firebase-common:20.1.2] AndroidManifest.xml:31:13-36
238
239        <receiver
239-->[com.google.android.gms:play-services-measurement:21.1.1] AndroidManifest.xml:29:9-33:20
240            android:name="com.google.android.gms.measurement.AppMeasurementReceiver"
240-->[com.google.android.gms:play-services-measurement:21.1.1] AndroidManifest.xml:30:13-85
241            android:enabled="true"
241-->[com.google.android.gms:play-services-measurement:21.1.1] AndroidManifest.xml:31:13-35
242            android:exported="false" >
242-->[com.google.android.gms:play-services-measurement:21.1.1] AndroidManifest.xml:32:13-37
243        </receiver>
244
245        <service
245-->[com.google.android.gms:play-services-measurement:21.1.1] AndroidManifest.xml:35:9-38:40
246            android:name="com.google.android.gms.measurement.AppMeasurementService"
246-->[com.google.android.gms:play-services-measurement:21.1.1] AndroidManifest.xml:36:13-84
247            android:enabled="true"
247-->[com.google.android.gms:play-services-measurement:21.1.1] AndroidManifest.xml:37:13-35
248            android:exported="false" />
248-->[com.google.android.gms:play-services-measurement:21.1.1] AndroidManifest.xml:38:13-37
249        <service
249-->[com.google.android.gms:play-services-measurement:21.1.1] AndroidManifest.xml:39:9-43:72
250            android:name="com.google.android.gms.measurement.AppMeasurementJobService"
250-->[com.google.android.gms:play-services-measurement:21.1.1] AndroidManifest.xml:40:13-87
251            android:enabled="true"
251-->[com.google.android.gms:play-services-measurement:21.1.1] AndroidManifest.xml:41:13-35
252            android:exported="false"
252-->[com.google.android.gms:play-services-measurement:21.1.1] AndroidManifest.xml:42:13-37
253            android:permission="android.permission.BIND_JOB_SERVICE" />
253-->[com.google.android.gms:play-services-measurement:21.1.1] AndroidManifest.xml:43:13-69
254
255        <activity
255-->[com.google.android.gms:play-services-base:18.0.1] AndroidManifest.xml:20:9-22:45
256            android:name="com.google.android.gms.common.api.GoogleApiActivity"
256-->[com.google.android.gms:play-services-base:18.0.1] AndroidManifest.xml:20:19-85
257            android:exported="false"
257-->[com.google.android.gms:play-services-base:18.0.1] AndroidManifest.xml:22:19-43
258            android:theme="@android:style/Theme.Translucent.NoTitleBar" />
258-->[com.google.android.gms:play-services-base:18.0.1] AndroidManifest.xml:21:19-78
259
260        <meta-data
260-->[com.google.android.gms:play-services-basement:18.1.0] AndroidManifest.xml:21:9-23:69
261            android:name="com.google.android.gms.version"
261-->[com.google.android.gms:play-services-basement:18.1.0] AndroidManifest.xml:22:13-58
262            android:value="@integer/google_play_services_version" />
262-->[com.google.android.gms:play-services-basement:18.1.0] AndroidManifest.xml:23:13-66
263        <!--
264         The initialization ContentProvider will call FacebookSdk.sdkInitialize automatically
265         with the application context. This config is merged in with the host app's manifest,
266         but there can only be one provider with the same authority activated at any given
267         point; so if the end user has two or more different apps that use Facebook SDK, only the
268         first one will be able to use the provider. To work around this problem, we use the
269         following placeholder in the authority to identify each host application as if it was
270         a completely different provider.
271        -->
272        <provider
272-->[com.facebook.android:facebook-core:14.1.1] AndroidManifest.xml:41:9-44:40
273            android:name="com.facebook.internal.FacebookInitProvider"
273-->[com.facebook.android:facebook-core:14.1.1] AndroidManifest.xml:42:13-70
274            android:authorities="com.example.quiz_app.FacebookInitProvider"
274-->[com.facebook.android:facebook-core:14.1.1] AndroidManifest.xml:43:13-72
275            android:exported="false" />
275-->[com.facebook.android:facebook-core:14.1.1] AndroidManifest.xml:44:13-37
276
277        <receiver
277-->[com.facebook.android:facebook-core:14.1.1] AndroidManifest.xml:46:9-52:20
278            android:name="com.facebook.CurrentAccessTokenExpirationBroadcastReceiver"
278-->[com.facebook.android:facebook-core:14.1.1] AndroidManifest.xml:47:13-86
279            android:exported="false" >
279-->[com.facebook.android:facebook-core:14.1.1] AndroidManifest.xml:48:13-37
280            <intent-filter>
280-->[com.facebook.android:facebook-core:14.1.1] AndroidManifest.xml:49:13-51:29
281                <action android:name="com.facebook.sdk.ACTION_CURRENT_ACCESS_TOKEN_CHANGED" />
281-->[com.facebook.android:facebook-core:14.1.1] AndroidManifest.xml:50:17-95
281-->[com.facebook.android:facebook-core:14.1.1] AndroidManifest.xml:50:25-92
282            </intent-filter>
283        </receiver>
284        <receiver
284-->[com.facebook.android:facebook-core:14.1.1] AndroidManifest.xml:53:9-59:20
285            android:name="com.facebook.AuthenticationTokenManager$CurrentAuthenticationTokenChangedBroadcastReceiver"
285-->[com.facebook.android:facebook-core:14.1.1] AndroidManifest.xml:54:13-118
286            android:exported="false" >
286-->[com.facebook.android:facebook-core:14.1.1] AndroidManifest.xml:55:13-37
287            <intent-filter>
287-->[com.facebook.android:facebook-core:14.1.1] AndroidManifest.xml:56:13-58:29
288                <action android:name="com.facebook.sdk.ACTION_CURRENT_AUTHENTICATION_TOKEN_CHANGED" />
288-->[com.facebook.android:facebook-core:14.1.1] AndroidManifest.xml:57:17-103
288-->[com.facebook.android:facebook-core:14.1.1] AndroidManifest.xml:57:25-100
289            </intent-filter>
290        </receiver>
291
292        <provider
292-->[androidx.emoji2:emoji2:1.2.0] AndroidManifest.xml:24:9-32:20
293            android:name="androidx.startup.InitializationProvider"
293-->[androidx.emoji2:emoji2:1.2.0] AndroidManifest.xml:25:13-67
294            android:authorities="com.example.quiz_app.androidx-startup"
294-->[androidx.emoji2:emoji2:1.2.0] AndroidManifest.xml:26:13-68
295            android:exported="false" >
295-->[androidx.emoji2:emoji2:1.2.0] AndroidManifest.xml:27:13-37
296            <meta-data
296-->[androidx.emoji2:emoji2:1.2.0] AndroidManifest.xml:29:13-31:52
297                android:name="androidx.emoji2.text.EmojiCompatInitializer"
297-->[androidx.emoji2:emoji2:1.2.0] AndroidManifest.xml:30:17-75
298                android:value="androidx.startup" />
298-->[androidx.emoji2:emoji2:1.2.0] AndroidManifest.xml:31:17-49
299            <meta-data
299-->[androidx.lifecycle:lifecycle-process:2.4.1] AndroidManifest.xml:31:13-33:52
300                android:name="androidx.lifecycle.ProcessLifecycleInitializer"
300-->[androidx.lifecycle:lifecycle-process:2.4.1] AndroidManifest.xml:32:17-78
301                android:value="androidx.startup" />
301-->[androidx.lifecycle:lifecycle-process:2.4.1] AndroidManifest.xml:33:17-49
302        </provider> <!-- The activities will be merged into the manifest of the hosting app. -->
303        <activity